Using pre-set license
Built from '2020.2/release' branch; Version is '2020.2.2f1 (068178b99f32) revision 426360'; Using compiler version '192528614'; Build Type 'Release'
OS: 'Windows 10 Home Single Language; OS build 19042.985; Version 2009; 64bit' Language: 'pt' Physical Memory: 8106 MB
BatchMode: 1, IsHumanControllingUs: 0, StartBugReporterOnCrash: 0, Is64bit: 1, IsPro: 0

 COMMAND LINE ARGUMENTS:
C:\Program Files\Unity\Hub\Editor\2020.2.2f1\Editor\Unity.exe
-adb2
-batchMode
-noUpm
-name
AssetImportWorker0
-projectPath
C:/Users/angel/Desktop/E-POWER/Project_Suspension
-logFile
Logs/AssetImportWorker0.log
-srvPort
62315
Successfully changed project path to: C:/Users/angel/Desktop/E-POWER/Project_Suspension
C:/Users/angel/Desktop/E-POWER/Project_Suspension
Using Asset Import Pipeline V2.
Refreshing native plugins compatible for Editor in 53.49 ms, found 0 plugins.
Preloading 0 native plugins for Editor in 0.00 ms.
Initialize engine version: 2020.2.2f1 (068178b99f32)
[Subsystems] Discovering subsystems at path C:/Program Files/Unity/Hub/Editor/2020.2.2f1/Editor/Data/Resources/UnitySubsystems
[Subsystems] Discovering subsystems at path C:/Users/angel/Desktop/E-POWER/Project_Suspension/Assets
GfxDevice: creating device client; threaded=0
Direct3D:
    Version:  Direct3D 11.0 [level 11.0]
    Renderer: NVIDIA GeForce MX110 (ID=0x174e)
    Vendor:   
    VRAM:     2010 MB
    Driver:   24.21.13.9907
Initialize mono
Mono path[0] = 'C:/Program Files/Unity/Hub/Editor/2020.2.2f1/Editor/Data/Managed'
Mono path[1] = 'C:/Program Files/Unity/Hub/Editor/2020.2.2f1/Editor/Data/MonoBleedingEdge/lib/mono/unityjit'
Mono config path = 'C:/Program Files/Unity/Hub/Editor/2020.2.2f1/Editor/Data/MonoBleedingEdge/etc'
Using monoOptions --debugger-agent=transport=dt_socket,embedding=1,server=y,suspend=n,address=127.0.0.1:56020
Begin MonoManager ReloadAssembly
Registering precompiled unity dll's ...
Register platform support module: C:/Program Files/Unity/Hub/Editor/2020.2.2f1/Editor/Data/PlaybackEngines/WindowsStandaloneSupport/UnityEditor.WindowsStandalone.Extensions.dll
Registered in 0.003005 seconds.
Native extension for WindowsStandalone target not found
Refreshing native plugins compatible for Editor in 29.82 ms, found 0 plugins.
Preloading 0 native plugins for Editor in 0.00 ms.
Invoked RoslynAnalysisRunner static constructor.
RoslynAnalysisRunner will not be running.
RoslynAnalysisRunner has terminated.
Mono: successfully reloaded assembly
- Completed reload, in  1.707 seconds
Platform modules already initialized, skipping
Registering precompiled user dll's ...
Registered in 0.001812 seconds.
Begin MonoManager ReloadAssembly
Native extension for WindowsStandalone target not found
Refreshing native plugins compatible for Editor in 0.23 ms, found 0 plugins.
Preloading 0 native plugins for Editor in 0.00 ms.
Invoked RoslynAnalysisRunner static constructor.
RoslynAnalysisRunner will not be running.
RoslynAnalysisRunner has terminated.
Mono: successfully reloaded assembly
- Completed reload, in  1.196 seconds
Platform modules already initialized, skipping
========================================================================
Worker process is ready to serve import requests
Launched and connected shader compiler UnityShaderCompiler.exe after 0.31 seconds
Refreshing native plugins compatible for Editor in 0.26 ms, found 0 plugins.
Preloading 0 native plugins for Editor in 0.00 ms.
Unloading 1114 Unused Serialized files (Serialized files now loaded: 0)
System memory in use before: 70.2 MB.
System memory in use after: 70.3 MB.

Unloading 10 unused Assets to reduce memory usage. Loaded Objects now: 1572.
Total: 3.280500 ms (FindLiveObjects: 0.369300 ms CreateObjectMapping: 0.131600 ms MarkObjects: 2.668300 ms  DeleteObjects: 0.108400 ms)

========================================================================
Received Import Request.
  path: Assets/Scripts/ProfileScripts/Construct/Springs/Coilovercreate.asset
  artifactKey: Guid(238e504ddd28b294989adc4825795d4f) Importer(815301076,1909f56bfc062723c751e8b465ee728b)
Start importing Assets/Scripts/ProfileScripts/Construct/Springs/Coilovercreate.asset using Guid(238e504ddd28b294989adc4825795d4f) Importer(815301076,1909f56bfc062723c751e8b465ee728b)  -> (artifact id: 'adabf65a0700e35a00f431f836a26c2e') in 0.435755 seconds
  Import took 0.480503 seconds .

========================================================================
Received Import Request.
  Time since last request: 339.860997 seconds.
  path: Assets/Scripts/ProfileScripts/sym/tyres/standardtyre.asset
  artifactKey: Guid(d372bd74340d8db48aeb470b4db4f66c) Importer(815301076,1909f56bfc062723c751e8b465ee728b)
Start importing Assets/Scripts/ProfileScripts/sym/tyres/standardtyre.asset using Guid(d372bd74340d8db48aeb470b4db4f66c) Importer(815301076,1909f56bfc062723c751e8b465ee728b)  -> (artifact id: '3bc066223ecbf0e2a80f1bccd00648d2') in 0.097864 seconds
  Import took 0.131362 seconds .

========================================================================
Received Import Request.
  Time since last request: 467.599942 seconds.
  path: Assets/Prefabs/UI/components/NumberInput.prefab
  artifactKey: Guid(38ed931f769b2a349be783e250cbe0f4) Importer(815301076,1909f56bfc062723c751e8b465ee728b)
Start importing Assets/Prefabs/UI/components/NumberInput.prefab using Guid(38ed931f769b2a349be783e250cbe0f4) Importer(815301076,1909f56bfc062723c751e8b465ee728b)  -> (artifact id: 'f093cb6369b673a257457eca79ee8c6e') in 0.129591 seconds
  Import took 0.181560 seconds .

========================================================================
Received Import Request.
  Time since last request: 59.853745 seconds.
  path: Assets/Prefabs/UI/components/NumberInput.prefab
  artifactKey: Guid(38ed931f769b2a349be783e250cbe0f4) Importer(815301076,1909f56bfc062723c751e8b465ee728b)
Start importing Assets/Prefabs/UI/components/NumberInput.prefab using Guid(38ed931f769b2a349be783e250cbe0f4) Importer(815301076,1909f56bfc062723c751e8b465ee728b)  -> (artifact id: '06b7626e60242133733fe9d4e25b5f49') in 0.008644 seconds
  Import took 0.047727 seconds .

========================================================================
Received Prepare
Registering precompiled user dll's ...
Registered in 0.001766 seconds.
Begin MonoManager ReloadAssembly
Native extension for WindowsStandalone target not found
Refreshing native plugins compatible for Editor in 0.22 ms, found 0 plugins.
Preloading 0 native plugins for Editor in 0.00 ms.
Invoked RoslynAnalysisRunner static constructor.
RoslynAnalysisRunner will not be running.
RoslynAnalysisRunner has terminated.
Mono: successfully reloaded assembly
- Completed reload, in  1.695 seconds
Platform modules already initialized, skipping
Refreshing native plugins compatible for Editor in 0.23 ms, found 0 plugins.
Preloading 0 native plugins for Editor in 0.00 ms.
Unloading 1096 Unused Serialized files (Serialized files now loaded: 0)
System memory in use before: 69.5 MB.
System memory in use after: 69.6 MB.

Unloading 6 unused Assets to reduce memory usage. Loaded Objects now: 1576.
Total: 1.746400 ms (FindLiveObjects: 0.258600 ms CreateObjectMapping: 0.078000 ms MarkObjects: 1.381800 ms  DeleteObjects: 0.026700 ms)

========================================================================
Received Prepare
Registering precompiled user dll's ...
Registered in 0.001463 seconds.
Begin MonoManager ReloadAssembly
Native extension for WindowsStandalone target not found
Refreshing native plugins compatible for Editor in 0.28 ms, found 0 plugins.
Preloading 0 native plugins for Editor in 0.00 ms.
Invoked RoslynAnalysisRunner static constructor.
RoslynAnalysisRunner will not be running.
RoslynAnalysisRunner has terminated.
Mono: successfully reloaded assembly
- Completed reload, in  1.761 seconds
Platform modules already initialized, skipping
Refreshing native plugins compatible for Editor in 0.24 ms, found 0 plugins.
Preloading 0 native plugins for Editor in 0.00 ms.
Unloading 1096 Unused Serialized files (Serialized files now loaded: 0)
System memory in use before: 69.8 MB.
System memory in use after: 69.9 MB.

Unloading 5 unused Assets to reduce memory usage. Loaded Objects now: 1578.
Total: 2.946900 ms (FindLiveObjects: 0.229800 ms CreateObjectMapping: 0.082000 ms MarkObjects: 2.612700 ms  DeleteObjects: 0.020200 ms)

========================================================================
Received Prepare
Registering precompiled user dll's ...
Registered in 0.001535 seconds.
Begin MonoManager ReloadAssembly
Native extension for WindowsStandalone target not found
Refreshing native plugins compatible for Editor in 0.44 ms, found 0 plugins.
Preloading 0 native plugins for Editor in 0.00 ms.
Invoked RoslynAnalysisRunner static constructor.
RoslynAnalysisRunner will not be running.
RoslynAnalysisRunner has terminated.
Mono: successfully reloaded assembly
- Completed reload, in  1.475 seconds
Platform modules already initialized, skipping
Refreshing native plugins compatible for Editor in 0.31 ms, found 0 plugins.
Preloading 0 native plugins for Editor in 0.00 ms.
Unloading 1096 Unused Serialized files (Serialized files now loaded: 0)
System memory in use before: 70.1 MB.
System memory in use after: 70.1 MB.

Unloading 5 unused Assets to reduce memory usage. Loaded Objects now: 1580.
Total: 2.523400 ms (FindLiveObjects: 0.246300 ms CreateObjectMapping: 0.119900 ms MarkObjects: 2.133700 ms  DeleteObjects: 0.021400 ms)

========================================================================
Received Prepare
Registering precompiled user dll's ...
Registered in 0.002608 seconds.
Begin MonoManager ReloadAssembly
Native extension for WindowsStandalone target not found
Refreshing native plugins compatible for Editor in 0.80 ms, found 0 plugins.
Preloading 0 native plugins for Editor in 0.00 ms.
Invoked RoslynAnalysisRunner static constructor.
RoslynAnalysisRunner will not be running.
RoslynAnalysisRunner has terminated.
Mono: successfully reloaded assembly
- Completed reload, in  1.298 seconds
Platform modules already initialized, skipping
Refreshing native plugins compatible for Editor in 0.24 ms, found 0 plugins.
Preloading 0 native plugins for Editor in 0.00 ms.
Unloading 1096 Unused Serialized files (Serialized files now loaded: 0)
System memory in use before: 70.3 MB.
System memory in use after: 70.4 MB.

Unloading 5 unused Assets to reduce memory usage. Loaded Objects now: 1582.
Total: 2.155800 ms (FindLiveObjects: 0.244500 ms CreateObjectMapping: 0.074400 ms MarkObjects: 1.817900 ms  DeleteObjects: 0.016900 ms)

========================================================================
Received Prepare
Registering precompiled user dll's ...
Registered in 0.006354 seconds.
Begin MonoManager ReloadAssembly
Native extension for WindowsStandalone target not found
Refreshing native plugins compatible for Editor in 0.22 ms, found 0 plugins.
Preloading 0 native plugins for Editor in 0.00 ms.
Invoked RoslynAnalysisRunner static constructor.
RoslynAnalysisRunner will not be running.
RoslynAnalysisRunner has terminated.
Mono: successfully reloaded assembly
- Completed reload, in  1.117 seconds
Platform modules already initialized, skipping
Refreshing native plugins compatible for Editor in 0.35 ms, found 0 plugins.
Preloading 0 native plugins for Editor in 0.00 ms.
Unloading 1096 Unused Serialized files (Serialized files now loaded: 0)
System memory in use before: 70.6 MB.
System memory in use after: 70.7 MB.

Unloading 5 unused Assets to reduce memory usage. Loaded Objects now: 1584.
Total: 2.677300 ms (FindLiveObjects: 0.680300 ms CreateObjectMapping: 0.049800 ms MarkObjects: 1.926000 ms  DeleteObjects: 0.018900 ms)

========================================================================
Received Prepare
Registering precompiled user dll's ...
Registered in 0.002354 seconds.
Begin MonoManager ReloadAssembly
Native extension for WindowsStandalone target not found
Refreshing native plugins compatible for Editor in 0.42 ms, found 0 plugins.
Preloading 0 native plugins for Editor in 0.00 ms.
Invoked RoslynAnalysisRunner static constructor.
RoslynAnalysisRunner will not be running.
RoslynAnalysisRunner has terminated.
Mono: successfully reloaded assembly
- Completed reload, in  1.809 seconds
Platform modules already initialized, skipping
Refreshing native plugins compatible for Editor in 0.27 ms, found 0 plugins.
Preloading 0 native plugins for Editor in 0.00 ms.
Unloading 1096 Unused Serialized files (Serialized files now loaded: 0)
System memory in use before: 70.8 MB.
System memory in use after: 70.9 MB.

Unloading 5 unused Assets to reduce memory usage. Loaded Objects now: 1586.
Total: 2.975200 ms (FindLiveObjects: 0.187500 ms CreateObjectMapping: 0.055000 ms MarkObjects: 2.708200 ms  DeleteObjects: 0.022200 ms)

========================================================================
Received Prepare
Registering precompiled user dll's ...
Registered in 0.002070 seconds.
Begin MonoManager ReloadAssembly
Native extension for WindowsStandalone target not found
Refreshing native plugins compatible for Editor in 0.26 ms, found 0 plugins.
Preloading 0 native plugins for Editor in 0.00 ms.
Invoked RoslynAnalysisRunner static constructor.
RoslynAnalysisRunner will not be running.
RoslynAnalysisRunner has terminated.
Mono: successfully reloaded assembly
- Completed reload, in  1.359 seconds
Platform modules already initialized, skipping
Refreshing native plugins compatible for Editor in 0.22 ms, found 0 plugins.
Preloading 0 native plugins for Editor in 0.00 ms.
Unloading 1096 Unused Serialized files (Serialized files now loaded: 0)
System memory in use before: 71.1 MB.
System memory in use after: 71.2 MB.

Unloading 5 unused Assets to reduce memory usage. Loaded Objects now: 1588.
Total: 2.939700 ms (FindLiveObjects: 0.521400 ms CreateObjectMapping: 0.279200 ms MarkObjects: 2.117900 ms  DeleteObjects: 0.018500 ms)

========================================================================
Received Prepare
Registering precompiled user dll's ...
Registered in 0.001910 seconds.
Begin MonoManager ReloadAssembly
Native extension for WindowsStandalone target not found
Refreshing native plugins compatible for Editor in 0.22 ms, found 0 plugins.
Preloading 0 native plugins for Editor in 0.00 ms.
Invoked RoslynAnalysisRunner static constructor.
RoslynAnalysisRunner will not be running.
RoslynAnalysisRunner has terminated.
Mono: successfully reloaded assembly
- Completed reload, in  1.236 seconds
Platform modules already initialized, skipping
Refreshing native plugins compatible for Editor in 0.21 ms, found 0 plugins.
Preloading 0 native plugins for Editor in 0.00 ms.
Unloading 1096 Unused Serialized files (Serialized files now loaded: 0)
System memory in use before: 70.4 MB.
System memory in use after: 70.5 MB.

Unloading 5 unused Assets to reduce memory usage. Loaded Objects now: 1590.
Total: 1.786600 ms (FindLiveObjects: 0.163600 ms CreateObjectMapping: 0.052800 ms MarkObjects: 1.552200 ms  DeleteObjects: 0.016500 ms)

========================================================================
Received Prepare
Registering precompiled user dll's ...
Registered in 0.002472 seconds.
Begin MonoManager ReloadAssembly
Native extension for WindowsStandalone target not found
Refreshing native plugins compatible for Editor in 0.33 ms, found 0 plugins.
Preloading 0 native plugins for Editor in 0.00 ms.
Invoked RoslynAnalysisRunner static constructor.
RoslynAnalysisRunner will not be running.
RoslynAnalysisRunner has terminated.
Mono: successfully reloaded assembly
- Completed reload, in  1.496 seconds
Platform modules already initialized, skipping
Refreshing native plugins compatible for Editor in 0.59 ms, found 0 plugins.
Preloading 0 native plugins for Editor in 0.00 ms.
Unloading 1096 Unused Serialized files (Serialized files now loaded: 0)
System memory in use before: 70.6 MB.
System memory in use after: 70.7 MB.

Unloading 5 unused Assets to reduce memory usage. Loaded Objects now: 1592.
Total: 3.283000 ms (FindLiveObjects: 0.224200 ms CreateObjectMapping: 0.063900 ms MarkObjects: 2.976100 ms  DeleteObjects: 0.016900 ms)

========================================================================
Received Prepare
Registering precompiled user dll's ...
Registered in 0.001753 seconds.
Begin MonoManager ReloadAssembly
Native extension for WindowsStandalone target not found
Refreshing native plugins compatible for Editor in 0.22 ms, found 0 plugins.
Preloading 0 native plugins for Editor in 0.00 ms.
Invoked RoslynAnalysisRunner static constructor.
RoslynAnalysisRunner will not be running.
RoslynAnalysisRunner has terminated.
Mono: successfully reloaded assembly
- Completed reload, in  1.158 seconds
Platform modules already initialized, skipping
Refreshing native plugins compatible for Editor in 0.22 ms, found 0 plugins.
Preloading 0 native plugins for Editor in 0.00 ms.
Unloading 1096 Unused Serialized files (Serialized files now loaded: 0)
System memory in use before: 70.9 MB.
System memory in use after: 71.0 MB.

Unloading 5 unused Assets to reduce memory usage. Loaded Objects now: 1594.
Total: 4.415600 ms (FindLiveObjects: 0.181400 ms CreateObjectMapping: 0.326900 ms MarkObjects: 3.875800 ms  DeleteObjects: 0.029200 ms)

========================================================================
Received Import Request.
  Time since last request: 3470.791938 seconds.
  path: Assets/Prefabs/UI/components/fields
  artifactKey: Guid(a2e7cd2b9a722e9498b5b5b9065334d3) Importer(815301076,1909f56bfc062723c751e8b465ee728b)
Start importing Assets/Prefabs/UI/components/fields using Guid(a2e7cd2b9a722e9498b5b5b9065334d3) Importer(815301076,1909f56bfc062723c751e8b465ee728b)  -> (artifact id: 'd4263de2d606cbd12aa0679c28ac8d78') in 0.013664 seconds
  Import took 0.017116 seconds .

========================================================================
Received Import Request.
  Time since last request: 0.007530 seconds.
  path: Assets/Prefabs/UI/components/fields
  artifactKey: Guid(a2e7cd2b9a722e9498b5b5b9065334d3) Importer(815301076,1909f56bfc062723c751e8b465ee728b)
Start importing Assets/Prefabs/UI/components/fields using Guid(a2e7cd2b9a722e9498b5b5b9065334d3) Importer(815301076,1909f56bfc062723c751e8b465ee728b)  -> (artifact id: 'd4263de2d606cbd12aa0679c28ac8d78') in 0.006198 seconds
  Import took 0.009532 seconds .

========================================================================
Received Import Request.
  Time since last request: 1.277535 seconds.
  path: Assets/Prefabs/UI/components/vectorInput.prefab
  artifactKey: Guid(e2cbb5065f8b7a843938d7d2228346b9) Importer(815301076,1909f56bfc062723c751e8b465ee728b)
Start importing Assets/Prefabs/UI/components/vectorInput.prefab using Guid(e2cbb5065f8b7a843938d7d2228346b9) Importer(815301076,1909f56bfc062723c751e8b465ee728b)  -> (artifact id: 'a7335395cefa8ec2e15e158432aa55e1') in 0.205241 seconds
  Import took 0.239010 seconds .

========================================================================
Received Import Request.
  Time since last request: 0.367237 seconds.
  path: Assets/Prefabs/UI/components/NumberInput.prefab
  artifactKey: Guid(38ed931f769b2a349be783e250cbe0f4) Importer(815301076,1909f56bfc062723c751e8b465ee728b)
Start importing Assets/Prefabs/UI/components/NumberInput.prefab using Guid(38ed931f769b2a349be783e250cbe0f4) Importer(815301076,1909f56bfc062723c751e8b465ee728b)  -> (artifact id: 'f857d5be6fa53db1666ad26a87435925') in 0.006980 seconds
  Import took 0.009316 seconds .

========================================================================
Received Import Request.
  Time since last request: 0.023050 seconds.
  path: Assets/Prefabs/UI/components/NumberInput.prefab
  artifactKey: Guid(38ed931f769b2a349be783e250cbe0f4) Importer(815301076,1909f56bfc062723c751e8b465ee728b)
Start importing Assets/Prefabs/UI/components/NumberInput.prefab using Guid(38ed931f769b2a349be783e250cbe0f4) Importer(815301076,1909f56bfc062723c751e8b465ee728b)  -> (artifact id: 'f857d5be6fa53db1666ad26a87435925') in 0.006112 seconds
  Import took 0.008968 seconds .

========================================================================
Received Import Request.
  Time since last request: 9.995930 seconds.
  path: Assets/Prefabs/UI/components/buttons
  artifactKey: Guid(d5a55c164bb94c645b21a668a40e25de) Importer(815301076,1909f56bfc062723c751e8b465ee728b)
Start importing Assets/Prefabs/UI/components/buttons using Guid(d5a55c164bb94c645b21a668a40e25de) Importer(815301076,1909f56bfc062723c751e8b465ee728b)  -> (artifact id: '9ba57a22d6de5c5136005f87a0e00840') in 0.009386 seconds
  Import took 0.028615 seconds .

========================================================================
Received Import Request.
  Time since last request: 18.102504 seconds.
  path: Assets/Prefabs/UI/components/buttons/SaveandQuit.prefab
  artifactKey: Guid(49a3aa89f87b55b4ca71d003203e7166) Importer(815301076,1909f56bfc062723c751e8b465ee728b)
Start importing Assets/Prefabs/UI/components/buttons/SaveandQuit.prefab using Guid(49a3aa89f87b55b4ca71d003203e7166) Importer(815301076,1909f56bfc062723c751e8b465ee728b)  -> (artifact id: 'd3d59c14df2061dde85599a68093648b') in 0.137227 seconds
  Import took 0.139809 seconds .

========================================================================
Received Import Request.
  Time since last request: 15.410364 seconds.
  path: Assets/Prefabs/UI/components/buttons/back.prefab
  artifactKey: Guid(16ab75dc08534cd4bb0ae102319a063d) Importer(815301076,1909f56bfc062723c751e8b465ee728b)
Start importing Assets/Prefabs/UI/components/buttons/back.prefab using Guid(16ab75dc08534cd4bb0ae102319a063d) Importer(815301076,1909f56bfc062723c751e8b465ee728b)  -> (artifact id: 'e12c495175c585ab299777509bbd9566') in 0.012793 seconds
  Import took 0.026243 seconds .

========================================================================
Received Import Request.
  Time since last request: 3.330623 seconds.
  path: Assets/Prefabs/UI/components/buttons/analyse.prefab
  artifactKey: Guid(bcc7d9e37dc170e4aaed6c47defaa6f1) Importer(815301076,1909f56bfc062723c751e8b465ee728b)
Start importing Assets/Prefabs/UI/components/buttons/analyse.prefab using Guid(bcc7d9e37dc170e4aaed6c47defaa6f1) Importer(815301076,1909f56bfc062723c751e8b465ee728b)  -> (artifact id: '52592b173c3ca638e70ed021704c6742') in 0.012166 seconds
  Import took 0.077004 seconds .

========================================================================
Received Prepare
Registering precompiled user dll's ...
Registered in 0.001536 seconds.
Begin MonoManager ReloadAssembly
Native extension for WindowsStandalone target not found
Refreshing native plugins compatible for Editor in 0.37 ms, found 0 plugins.
Preloading 0 native plugins for Editor in 0.00 ms.
Invoked RoslynAnalysisRunner static constructor.
RoslynAnalysisRunner will not be running.
RoslynAnalysisRunner has terminated.
Mono: successfully reloaded assembly
- Completed reload, in  1.413 seconds
Platform modules already initialized, skipping
Refreshing native plugins compatible for Editor in 0.35 ms, found 0 plugins.
Preloading 0 native plugins for Editor in 0.00 ms.
Unloading 1096 Unused Serialized files (Serialized files now loaded: 0)
System memory in use before: 71.1 MB.
System memory in use after: 71.2 MB.

Unloading 7 unused Assets to reduce memory usage. Loaded Objects now: 1596.
Total: 1.763900 ms (FindLiveObjects: 0.213500 ms CreateObjectMapping: 0.068600 ms MarkObjects: 1.449100 ms  DeleteObjects: 0.031600 ms)

========================================================================
Received Prepare
Registering precompiled user dll's ...
Registered in 0.002045 seconds.
Begin MonoManager ReloadAssembly
Native extension for WindowsStandalone target not found
Refreshing native plugins compatible for Editor in 0.34 ms, found 0 plugins.
Preloading 0 native plugins for Editor in 0.00 ms.
Invoked RoslynAnalysisRunner static constructor.
RoslynAnalysisRunner will not be running.
RoslynAnalysisRunner has terminated.
Mono: successfully reloaded assembly
- Completed reload, in  1.004 seconds
Platform modules already initialized, skipping
Refreshing native plugins compatible for Editor in 0.22 ms, found 0 plugins.
Preloading 0 native plugins for Editor in 0.00 ms.
Unloading 1096 Unused Serialized files (Serialized files now loaded: 0)
System memory in use before: 70.4 MB.
System memory in use after: 70.5 MB.

Unloading 5 unused Assets to reduce memory usage. Loaded Objects now: 1598.
Total: 2.347200 ms (FindLiveObjects: 0.234400 ms CreateObjectMapping: 0.075100 ms MarkObjects: 2.016600 ms  DeleteObjects: 0.019000 ms)

========================================================================
Received Import Request.
  Time since last request: 597.105186 seconds.
  path: Assets/Scripts/menu/MenuMethods.cs
  artifactKey: Guid(1e1fdb4168faa7c40bb7876033182d5a) Importer(815301076,1909f56bfc062723c751e8b465ee728b)
Start importing Assets/Scripts/menu/MenuMethods.cs using Guid(1e1fdb4168faa7c40bb7876033182d5a) Importer(815301076,1909f56bfc062723c751e8b465ee728b)  -> (artifact id: '7adc9e7605083cbf8d2c915cd30075d0') in 0.076460 seconds
  Import took 0.090731 seconds .

AssetImportWorkerClient::OnTransportError - code=2 error=End of file
